3rd/AliyunFileDownLoader/downloadermanager/build/outputs/logs/manifest-merger-debug-report.txt
-- Merging decision tree log ---
manifest
ADDED from src/main/AndroidManifest.xml:1:1-18:12
INJECTED from src/main/AndroidManifest.xml:1:1-18:12
INJECTED from src/main/AndroidManifest.xml:1:1-18:12
INJECTED from src/main/AndroidManifest.xml:1:1-18:12
INJECTED from src/main/AndroidManifest.xml:1:1-18:12
INJECTED from src/main/AndroidManifest.xml:1:1-18:12
INJECTED from src/main/AndroidManifest.xml:1:1-18:12
	package
		ADDED from src/main/AndroidManifest.xml:2:5-36
		INJECTED from src/main/AndroidManifest.xml
		INJECTED from src/main/AndroidManifest.xml
	android:versionName
		INJECTED from src/main/AndroidManifest.xml
		ADDED from src/main/AndroidManifest.xml:1:1-18:12
		INJECTED from src/main/AndroidManifest.xml
	android:versionCode
		INJECTED from src/main/AndroidManifest.xml
		ADDED from src/main/AndroidManifest.xml:1:1-18:12
		INJECTED from src/main/AndroidManifest.xml
	xmlns:android
		ADDED from src/main/AndroidManifest.xml:1:11-69
uses-permission#android.permission.INTERNET
ADDED from src/main/AndroidManifest.xml:4:5-66
	android:name
		ADDED from src/main/AndroidManifest.xml:4:22-64
uses-permission#android.permission.MOUNT_UNMOUNT_FILESYSTEMS
ADDED from src/main/AndroidManifest.xml:6:5-83
	android:name
		ADDED from src/main/AndroidManifest.xml:6:22-81
uses-permission#android.permission.WRITE_EXTERNAL_STORAGE
ADDED from src/main/AndroidManifest.xml:8:5-80
	android:name
		ADDED from src/main/AndroidManifest.xml:8:22-78
uses-permission#android.permission.READ_EXTERNAL_STORAGE
ADDED from src/main/AndroidManifest.xml:10:5-79
	android:name
		ADDED from src/main/AndroidManifest.xml:10:22-77
application
ADDED from src/main/AndroidManifest.xml:12:5-16:19
service#com.liulishuo.filedownloader.services.FileDownloadService
ADDED from src/main/AndroidManifest.xml:13:9-15:48
	android:process
		ADDED from src/main/AndroidManifest.xml:15:13-46
	android:name
		ADDED from src/main/AndroidManifest.xml:14:13-85
uses-sdk
INJECTED from src/main/AndroidManifest.xml reason: use-sdk injection requested
INJECTED from src/main/AndroidManifest.xml
INJECTED from src/main/AndroidManifest.xml
INJECTED from src/main/AndroidManifest.xml
INJECTED from src/main/AndroidManifest.xml
	android:targetSdkVersion
		INJECTED from src/main/AndroidManifest.xml
		ADDED from src/main/AndroidManifest.xml
		INJECTED from src/main/AndroidManifest.xml
	android:minSdkVersion
		INJECTED from src/main/AndroidManifest.xml
		ADDED from src/main/AndroidManifest.xml
		INJECTED from src/main/AndroidManifest.xml